#
# A fatal error has been detected by the Java Runtime Environment:
#
#  EXCEPTION_ACCESS_VIOLATION (0xc0000005) at pc=0x000000005d841e04, pid=10004, tid=0x000000000000238c
#
# JRE version: Java(TM) SE Runtime Environment (8.0_261-b12) (build 1.8.0_261-b12)
# Java VM: Java HotSpot(TM) 64-Bit Server VM (25.261-b12 mixed mode windows-amd64 compressed oops)
# Problematic frame:
# V  [jvm.dll+0x4a1e04]
#
# Failed to write core dump. Minidumps are not enabled by default on client versions of Windows
#
# If you would like to submit a bug report, please visit:
#   http://bugreport.java.com/bugreport/crash.jsp
#

---------------  T H R E A D  ---------------

Current thread (0x00000196d499b000):  JavaThread "C2 CompilerThread2" daemon [_thread_in_native, id=9100, stack(0x0000001338a00000,0x0000001338b00000)]

siginfo: ExceptionCode=0xc0000005, reading address 0x000000001a2798c0

Registers:
RAX=0x0000000082065c18, RBX=0x00000196d938ac88, RCX=0x0000000000000b3c, RDX=0x00000196dc09f5e8
RSP=0x0000001338afa6e0, RBP=0x0000000000000009, RSI=0x00000196db2cbcd8, RDI=0x0000001338afb760
R8 =0x00000196d95983b0, R9 =0x00000196dacbd188, R10=0x00000196d945dc90, R11=0x00000196dc28b760
R12=0x00000196db2cbcd8, R13=0x0000001338afb760, R14=0x00000196d9598cd8, R15=0x0000000000000001
RIP=0x000000005d841e04, EFLAGS=0x0000000000010283

Top of Stack: (sp=0x0000001338afa6e0)
0x0000001338afa6e0:   00000196d95983b0 00000196d9599738
0x0000001338afa6f0:   0000001338afb760 00000196db2cbcd8
0x0000001338afa700:   0000000000000000 000000005d840566
0x0000001338afa710:   00000196d95983b0 00000196d773a840
0x0000001338afa720:   0000000000000001 00000196dacbd188
0x0000001338afa730:   00000196d4934a10 0000019600001000
0x0000001338afa740:   00000196dc287760 000000000000056a
0x0000001338afa750:   00000196db2cbcd8 0000001338afa850
0x0000001338afa760:   0000001338afa870 0000001338afb760
0x0000001338afa770:   0000000000000003 000000005d83dcd4
0x0000001338afa780:   00000196dacbd400 00000196dacbd188
0x0000001338afa790:   0000000000000768 00000196dacbd188
0x0000001338afa7a0:   00000196dacbd188 0000000000000001
0x0000001338afa7b0:   0000001338afa8e0 000000005d83db38
0x0000001338afa7c0:   00000196dacbd400 0000000000000003
0x0000001338afa7d0:   0000000000000768 0000000000000000 

Instructions: (pc=0x000000005d841e04)
0x000000005d841de4:   35 1a 00 48 8d 0d e2 d8 19 00 e8 cd a9 dd ff e8
0x000000005d841df4:   e8 ca df ff 8b 43 28 8b c8 48 8b 87 00 0a 00 00
0x000000005d841e04:   39 2c 88 72 50 48 3b de 74 4f 48 8b 87 f8 09 00
0x000000005d841e14:   00 48 8b 1c c8 48 8d 14 c8 48 8b 43 08 48 83 38 


Register to memory mapping:

RAX=0x0000000082065c18 is an unknown value
RBX=0x00000196d938ac88 is an unknown value
RCX=0x0000000000000b3c is an unknown value
RDX=0x00000196dc09f5e8 is an unknown value
RSP=0x0000001338afa6e0 is pointing into the stack for thread: 0x00000196d499b000
RBP=0x0000000000000009 is an unknown value
RSI=0x00000196db2cbcd8 is an unknown value
RDI=0x0000001338afb760 is pointing into the stack for thread: 0x00000196d499b000
R8 =0x00000196d95983b0 is an unknown value
R9 =0x00000196dacbd188 is an unknown value
R10=0x00000196d945dc90 is an unknown value
R11=0x00000196dc28b760 is an unknown value
R12=0x00000196db2cbcd8 is an unknown value
R13=0x0000001338afb760 is pointing into the stack for thread: 0x00000196d499b000
R14=0x00000196d9598cd8 is an unknown value
R15=0x0000000000000001 is an unknown value


Stack: [0x0000001338a00000,0x0000001338b00000],  sp=0x0000001338afa6e0,  free space=1001k
Native frames: (J=compiled Java code, j=interpreted, Vv=VM code, C=native code)
V  [jvm.dll+0x4a1e04]
V  [jvm.dll+0x4a0566]
V  [jvm.dll+0x49dcd4]
V  [jvm.dll+0x49db38]
V  [jvm.dll+0x49cfc6]
V  [jvm.dll+0x451354]
V  [jvm.dll+0x44eb84]
V  [jvm.dll+0x439bc7]
V  [jvm.dll+0xbbbcb]
V  [jvm.dll+0xba22b]
V  [jvm.dll+0x24d962]
V  [jvm.dll+0x2a1cfc]
C  [ucrtbase.dll+0x214c2]
C  [KERNEL32.DLL+0x17034]
C  [ntdll.dll+0x4cec1]


Current CompileTask:
C2:   3876 3612       4       org.springframework.boot.context.properties.source.SpringConfigurationPropertySources$SourcesIterator::fetchNext (138 bytes)


---------------  P R O C E S S  ---------------

Java Threads: ( => current thread )
  0x00000196d98cf000 JavaThread "task-1" [_thread_in_vm, id=11260, stack(0x0000001339400000,0x0000001339500000)]
  0x00000196dd680800 JavaThread "container-0" [_thread_blocked, id=2784, stack(0x0000001339300000,0x0000001339400000)]
  0x00000196dd793000 JavaThread "Catalina-utility-2" [_thread_blocked, id=6984, stack(0x0000001339200000,0x0000001339300000)]
  0x00000196dc7b9800 JavaThread "Catalina-utility-1" [_thread_blocked, id=9392, stack(0x0000001339100000,0x0000001339200000)]
  0x00000196dcaf1800 JavaThread "HikariPool-1 connection adder" daemon [_thread_blocked, id=12560, stack(0x0000001339000000,0x0000001339100000)]
  0x00000196db332000 JavaThread "HikariPool-1 housekeeper" daemon [_thread_blocked, id=13592, stack(0x0000001338f00000,0x0000001339000000)]
  0x00000196d67ae800 JavaThread "Service Thread" daemon [_thread_blocked, id=9720, stack(0x0000001338c00000,0x0000001338d00000)]
  0x00000196d499d800 JavaThread "C1 CompilerThread3" daemon [_thread_blocked, id=14504, stack(0x0000001338b00000,0x0000001338c00000)]
=>0x00000196d499b000 JavaThread "C2 CompilerThread2" daemon [_thread_in_native, id=9100, stack(0x0000001338a00000,0x0000001338b00000)]
  0x00000196d499a000 JavaThread "C2 CompilerThread1" daemon [_thread_in_native, id=7580, stack(0x0000001338900000,0x0000001338a00000)]
  0x00000196d4941800 JavaThread "C2 CompilerThread0" daemon [_thread_in_native, id=3744, stack(0x0000001338800000,0x0000001338900000)]
  0x00000196d4999800 JavaThread "Attach Listener" daemon [_thread_blocked, id=13856, stack(0x0000001338700000,0x0000001338800000)]
  0x00000196d4926800 JavaThread "Signal Dispatcher" daemon [_thread_blocked, id=15292, stack(0x0000001338600000,0x0000001338700000)]
  0x00000196d4907800 JavaThread "Finalizer" daemon [_thread_blocked, id=13952, stack(0x0000001338500000,0x0000001338600000)]
  0x00000196d4900000 JavaThread "Reference Handler" daemon [_thread_blocked, id=10836, stack(0x0000001338400000,0x0000001338500000)]
  0x00000196b7980000 JavaThread "main" [_thread_in_native, id=6024, stack(0x0000001337a00000,0x0000001337b00000)]

Other Threads:
  0x00000196d48d7800 VMThread [stack: 0x0000001338300000,0x0000001338400000] [id=3380]
  0x00000196d6819000 WatcherThread [stack: 0x0000001338d00000,0x0000001338e00000] [id=4904]

VM state:not at safepoint (normal execution)

VM Mutex/Monitor currently owned by a thread: None

heap address: 0x0000000684000000, size: 5056 MB, Compressed Oops mode: Zero based, Oop shift amount: 3
Narrow klass base: 0x0000000000000000, Narrow klass shift: 3
Compressed class space size: 1073741824 Address: 0x00000007c0000000

Heap:
 PSYoungGen      total 120832K, used 47175K [0x0000000756b00000, 0x0000000761100000, 0x00000007c0000000)
  eden space 107520K, 43% used [0x0000000756b00000,0x0000000759911d58,0x000000075d400000)
  from space 13312K, 0% used [0x000000075d400000,0x000000075d400000,0x000000075e100000)
  to   space 13824K, 0% used [0x0000000760380000,0x0000000760380000,0x0000000761100000)
 ParOldGen       total 237568K, used 17097K [0x0000000684000000, 0x0000000692800000, 0x0000000756b00000)
  object space 237568K, 7% used [0x0000000684000000,0x00000006850b2540,0x0000000692800000)
 Metaspace       used 37332K, capacity 39266K, committed 39424K, reserved 1083392K
  class space    used 4725K, capacity 5067K, committed 5120K, reserved 1048576K

Card table byte_map: [0x00000196c85c0000,0x00000196c8fb0000] byte_map_base: 0x00000196c51a0000

Marking Bits: (ParMarkBitMap*) 0x000000005db94fb0
 Begin Bits: [0x00000196c9650000, 0x00000196ce550000)
 End Bits:   [0x00000196ce550000, 0x00000196d3450000)

Polling page: 0x00000196b91d0000

CodeCache: size=245760Kb used=13520Kb max_used=13520Kb free=232239Kb
 bounds [0x00000196b9200000, 0x00000196b9f40000, 0x00000196c8200000]
 total_blobs=4129 nmethods=3694 adapters=347
 compilation: enabled

Compilation events (10 events):
Event: 3.832 Thread 0x00000196d499d800 3709       3       org.springframework.asm.MethodVisitor::visitLabel (16 bytes)
Event: 3.832 Thread 0x00000196d499d800 nmethod 3709 0x00000196b9efc410 code [0x00000196b9efc580, 0x00000196b9efc7f0]
Event: 3.837 Thread 0x00000196d499d800 3710       3       org.springframework.asm.ClassReader::accept (1373 bytes)
Event: 3.850 Thread 0x00000196d499d800 nmethod 3710 0x00000196b9f1ca90 code [0x00000196b9f1d600, 0x00000196b9f26b50]
Event: 3.850 Thread 0x00000196d499d800 3712       3       sun.reflect.annotation.AnnotationInvocationHandler::invoke (277 bytes)
Event: 3.851 Thread 0x00000196d499d800 nmethod 3712 0x00000196b9efa150 code [0x00000196b9efa440, 0x00000196b9efba80]
Event: 3.851 Thread 0x00000196d499d800 3711       3       org.springframework.asm.MethodVisitor::visitVarInsn (17 bytes)
Event: 3.851 Thread 0x00000196d499d800 nmethod 3711 0x00000196b9ef9c90 code [0x00000196b9ef9e00, 0x00000196b9efa070]
Event: 3.851 Thread 0x00000196d499d800 3713       3       org.springframework.beans.factory.support.AbstractBeanDefinition::setFactoryMethodName (6 bytes)
Event: 3.851 Thread 0x00000196d499d800 nmethod 3713 0x00000196b9ef9950 code [0x00000196b9ef9aa0, 0x00000196b9ef9c18]

GC Heap History (10 events):
Event: 1.179 GC heap before
{Heap before GC invocations=3 (full 1):
 PSYoungGen      total 94208K, used 9838K [0x0000000756b00000, 0x0000000762300000, 0x00000007c0000000)
  eden space 80896K, 0% used [0x0000000756b00000,0x0000000756b00000,0x000000075ba00000)
  from space 13312K, 73% used [0x000000075c700000,0x000000075d09b860,0x000000075d400000)
  to   space 13312K, 0% used [0x000000075ba00000,0x000000075ba00000,0x000000075c700000)
 ParOldGen       total 216064K, used 24K [0x0000000684000000, 0x0000000691300000, 0x0000000756b00000)
  object space 216064K, 0% used [0x0000000684000000,0x0000000684006000,0x0000000691300000)
 Metaspace       used 20453K, capacity 21098K, committed 21296K, reserved 1069056K
  class space    used 2526K, capacity 2663K, committed 2688K, reserved 1048576K
Event: 1.201 GC heap after
Heap after GC invocations=3 (full 1):
 PSYoungGen      total 94208K, used 0K [0x0000000756b00000, 0x0000000762300000, 0x00000007c0000000)
  eden space 80896K, 0% used [0x0000000756b00000,0x0000000756b00000,0x000000075ba00000)
  from space 13312K, 0% used [0x000000075c700000,0x000000075c700000,0x000000075d400000)
  to   space 13312K, 0% used [0x000000075ba00000,0x000000075ba00000,0x000000075c700000)
 ParOldGen       total 142336K, used 9402K [0x0000000684000000, 0x000000068cb00000, 0x0000000756b00000)
  object space 142336K, 6% used [0x0000000684000000,0x000000068492e840,0x000000068cb00000)
 Metaspace       used 20451K, capacity 21092K, committed 21296K, reserved 1069056K
  class space    used 2525K, capacity 2662K, committed 2688K, reserved 1048576K
}
Event: 1.559 GC heap before
{Heap before GC invocations=4 (full 1):
 PSYoungGen      total 94208K, used 80896K [0x0000000756b00000, 0x0000000762300000, 0x00000007c0000000)
  eden space 80896K, 100% used [0x0000000756b00000,0x000000075ba00000,0x000000075ba00000)
  from space 13312K, 0% used [0x000000075c700000,0x000000075c700000,0x000000075d400000)
  to   space 13312K, 0% used [0x000000075ba00000,0x000000075ba00000,0x000000075c700000)
 ParOldGen       total 142336K, used 9402K [0x0000000684000000, 0x000000068cb00000, 0x0000000756b00000)
  object space 142336K, 6% used [0x0000000684000000,0x000000068492e840,0x000000068cb00000)
 Metaspace       used 22266K, capacity 23120K, committed 23344K, reserved 1069056K
  class space    used 2734K, capacity 2928K, committed 2944K, reserved 1048576K
Event: 1.562 GC heap after
Heap after GC invocations=4 (full 1):
 PSYoungGen      total 94208K, used 6079K [0x0000000756b00000, 0x000000075ef80000, 0x00000007c0000000)
  eden space 80896K, 0% used [0x0000000756b00000,0x0000000756b00000,0x000000075ba00000)
  from space 13312K, 45% used [0x000000075ba00000,0x000000075bfefeb0,0x000000075c700000)
  to   space 13312K, 0% used [0x000000075e280000,0x000000075e280000,0x000000075ef80000)
 ParOldGen       total 142336K, used 9410K [0x0000000684000000, 0x000000068cb00000, 0x0000000756b00000)
  object space 142336K, 6% used [0x0000000684000000,0x0000000684930840,0x000000068cb00000)
 Metaspace       used 22266K, capacity 23120K, committed 23344K, reserved 1069056K
  class space    used 2734K, capacity 2928K, committed 2944K, reserved 1048576K
}
Event: 2.360 GC heap before
{Heap before GC invocations=5 (full 1):
 PSYoungGen      total 94208K, used 86975K [0x0000000756b00000, 0x000000075ef80000, 0x00000007c0000000)
  eden space 80896K, 100% used [0x0000000756b00000,0x000000075ba00000,0x000000075ba00000)
  from space 13312K, 45% used [0x000000075ba00000,0x000000075bfefeb0,0x000000075c700000)
  to   space 13312K, 0% used [0x000000075e280000,0x000000075e280000,0x000000075ef80000)
 ParOldGen       total 142336K, used 9410K [0x0000000684000000, 0x000000068cb00000, 0x0000000756b00000)
  object space 142336K, 6% used [0x0000000684000000,0x0000000684930840,0x000000068cb00000)
 Metaspace       used 27109K, capacity 28274K, committed 28544K, reserved 1075200K
  class space    used 3401K, capacity 3629K, committed 3712K, reserved 1048576K
Event: 2.365 GC heap after
Heap after GC invocations=5 (full 1):
 PSYoungGen      total 119296K, used 10195K [0x0000000756b00000, 0x000000075ee00000, 0x00000007c0000000)
  eden space 107520K, 0% used [0x0000000756b00000,0x0000000756b00000,0x000000075d400000)
  from space 11776K, 86% used [0x000000075e280000,0x000000075ec74e48,0x000000075ee00000)
  to   space 13312K, 0% used [0x000000075d400000,0x000000075d400000,0x000000075e100000)
 ParOldGen       total 142336K, used 9418K [0x0000000684000000, 0x000000068cb00000, 0x0000000756b00000)
  object space 142336K, 6% used [0x0000000684000000,0x0000000684932840,0x000000068cb00000)
 Metaspace       used 27109K, capacity 28274K, committed 28544K, reserved 1075200K
  class space    used 3401K, capacity 3629K, committed 3712K, reserved 1048576K
}
Event: 3.425 GC heap before
{Heap before GC invocations=6 (full 1):
 PSYoungGen      total 119296K, used 114796K [0x0000000756b00000, 0x000000075ee00000, 0x00000007c0000000)
  eden space 107520K, 97% used [0x0000000756b00000,0x000000075d126360,0x000000075d400000)
  from space 11776K, 86% used [0x000000075e280000,0x000000075ec74e48,0x000000075ee00000)
  to   space 13312K, 0% used [0x000000075d400000,0x000000075d400000,0x000000075e100000)
 ParOldGen       total 142336K, used 9418K [0x0000000684000000, 0x000000068cb00000, 0x0000000756b00000)
  object space 142336K, 6% used [0x0000000684000000,0x0000000684932840,0x000000068cb00000)
 Metaspace       used 33641K, capacity 35348K, committed 35496K, reserved 1081344K
  class space    used 4237K, capacity 4542K, committed 4608K, reserved 1048576K
Event: 3.434 GC heap after
Heap after GC invocations=6 (full 1):
 PSYoungGen      total 120832K, used 12248K [0x0000000756b00000, 0x0000000761100000, 0x00000007c0000000)
  eden space 107520K, 0% used [0x0000000756b00000,0x0000000756b00000,0x000000075d400000)
  from space 13312K, 92% used [0x000000075d400000,0x000000075dff62f0,0x000000075e100000)
  to   space 13824K, 0% used [0x0000000760380000,0x0000000760380000,0x0000000761100000)
 ParOldGen       total 142336K, used 9426K [0x0000000684000000, 0x000000068cb00000, 0x0000000756b00000)
  object space 142336K, 6% used [0x0000000684000000,0x0000000684934840,0x000000068cb00000)
 Metaspace       used 33641K, capacity 35348K, committed 35496K, reserved 1081344K
  class space    used 4237K, capacity 4542K, committed 4608K, reserved 1048576K
}
Event: 3.434 GC heap before
{Heap before GC invocations=7 (full 2):
 PSYoungGen      total 120832K, used 12248K [0x0000000756b00000, 0x0000000761100000, 0x00000007c0000000)
  eden space 107520K, 0% used [0x0000000756b00000,0x0000000756b00000,0x000000075d400000)
  from space 13312K, 92% used [0x000000075d400000,0x000000075dff62f0,0x000000075e100000)
  to   space 13824K, 0% used [0x0000000760380000,0x0000000760380000,0x0000000761100000)
 ParOldGen       total 142336K, used 9426K [0x0000000684000000, 0x000000068cb00000, 0x0000000756b00000)
  object space 142336K, 6% used [0x0000000684000000,0x0000000684934840,0x000000068cb00000)
 Metaspace       used 33641K, capacity 35348K, committed 35496K, reserved 1081344K
  class space    used 4237K, capacity 4542K, committed 4608K, reserved 1048576K
Event: 3.469 GC heap after
Heap after GC invocations=7 (full 2):
 PSYoungGen      total 120832K, used 0K [0x0000000756b00000, 0x0000000761100000, 0x00000007c0000000)
  eden space 107520K, 0% used [0x0000000756b00000,0x0000000756b00000,0x000000075d400000)
  from space 13312K, 0% used [0x000000075d400000,0x000000075d400000,0x000000075e100000)
  to   space 13824K, 0% used [0x0000000760380000,0x0000000760380000,0x0000000761100000)
 ParOldGen       total 237568K, used 17097K [0x0000000684000000, 0x0000000692800000, 0x0000000756b00000)
  object space 237568K, 7% used [0x0000000684000000,0x00000006850b2540,0x0000000692800000)
 Metaspace       used 33641K, capacity 35348K, committed 35496K, reserved 1081344K
  class space    used 4237K, capacity 4542K, committed 4608K, reserved 1048576K
}

Deoptimization events (10 events):
Event: 3.494 Thread 0x00000196b7980000 Uncommon trap: reason=unstable_if action=reinterpret pc=0x00000196b9cd3300 method=org.springframework.boot.context.properties.source.ConfigurationPropertyName.getElement(ILorg/springframework/boot/context/properties/source/ConfigurationPropertyName$Form;)
Event: 3.584 Thread 0x00000196b7980000 Uncommon trap: reason=unstable_if action=reinterpret pc=0x00000196b9b01a88 method=java.util.regex.Pattern$CharProperty.match(Ljava/util/regex/Matcher;ILjava/lang/CharSequence;)Z @ 21
Event: 3.659 Thread 0x00000196b7980000 Uncommon trap: reason=unstable_if action=reinterpret pc=0x00000196b9e61918 method=java.net.URL.<init>(Ljava/net/URL;Ljava/lang/String;Ljava/net/URLStreamHandler;)V @ 57
Event: 3.659 Thread 0x00000196b7980000 Uncommon trap: reason=unstable_if action=reinterpret pc=0x00000196b9de0f1c method=java.net.URLStreamHandler.parseURL(Ljava/net/URL;Ljava/lang/String;II)V @ 57
Event: 3.694 Thread 0x00000196b7980000 Uncommon trap: reason=class_check action=maybe_recompile pc=0x00000196b9cae3f0 method=org.springframework.beans.factory.support.AbstractBeanFactory.isTypeMatch(Ljava/lang/String;Lorg/springframework/core/ResolvableType;Z)Z @ 53
Event: 3.748 Thread 0x00000196b7980000 Uncommon trap: reason=unstable_if action=reinterpret pc=0x00000196b9c80c6c method=org.springframework.aop.framework.autoproxy.AbstractAutoProxyCreator.predictBeanType(Ljava/lang/Class;Ljava/lang/String;)Ljava/lang/Class; @ 9
Event: 3.749 Thread 0x00000196b7980000 Uncommon trap: reason=class_check action=maybe_recompile pc=0x00000196b9cae3f0 method=org.springframework.beans.factory.support.AbstractBeanFactory.isTypeMatch(Ljava/lang/String;Lorg/springframework/core/ResolvableType;Z)Z @ 53
Event: 3.781 Thread 0x00000196b7980000 Uncommon trap: reason=class_check action=maybe_recompile pc=0x00000196b9cae3f0 method=org.springframework.beans.factory.support.AbstractBeanFactory.isTypeMatch(Ljava/lang/String;Lorg/springframework/core/ResolvableType;Z)Z @ 53
Event: 3.788 Thread 0x00000196b7980000 Uncommon trap: reason=class_check action=maybe_recompile pc=0x00000196b9cae3f0 method=org.springframework.beans.factory.support.AbstractBeanFactory.isTypeMatch(Ljava/lang/String;Lorg/springframework/core/ResolvableType;Z)Z @ 53
Event: 3.839 Thread 0x00000196b7980000 Uncommon trap: reason=unstable_if action=reinterpret pc=0x00000196b9c6a640 method=sun.reflect.annotation.AnnotationInvocationHandler.invoke(Ljava/lang/Object;Ljava/lang/reflect/Method;[Ljava/lang/Object;)Ljava/lang/Object; @ 19

Classes redefined (0 events):
No events

Internal exceptions (10 events):
Event: 2.436 Thread 0x00000196b7980000 Exception <a 'java/lang/ClassNotFoundException': org/springframework/beans/factory/AwareCustomizer> (0x00000007573608c0) thrown at [C:\jenkins\workspace\8-2-build-windows-amd64-cygwin\jdk8u261\295\hotspot\src\share\vm\classfile\systemDictionary.cpp, line 
Event: 2.436 Thread 0x00000196b7980000 Implicit null exception at 0x00000196b968ac4c to 0x00000196b968acc9
Event: 2.535 Thread 0x00000196b7980000 Implicit null exception at 0x00000196b9b560b7 to 0x00000196b9b56221
Event: 2.571 Thread 0x00000196b7980000 Exception <a 'java/lang/IncompatibleClassChangeError': Found class java.lang.Object, but interface was expected> (0x0000000757e9d220) thrown at [C:\jenkins\workspace\8-2-build-windows-amd64-cygwin\jdk8u261\295\hotspot\src\share\vm\interpreter\linkResolver
Event: 2.576 Thread 0x00000196b7980000 Exception <a 'java/lang/NoSuchMethodError': java.lang.Object.lambda$and$0(Ljava/util/function/Predicate;Ljava/lang/Object;)Z> (0x0000000757ee0a80) thrown at [C:\jenkins\workspace\8-2-build-windows-amd64-cygwin\jdk8u261\295\hotspot\src\share\vm\interpreter
Event: 3.153 Thread 0x00000196b7980000 Exception <a 'java/io/FileNotFoundException'> (0x000000075bedaa00) thrown at [C:\jenkins\workspace\8-2-build-windows-amd64-cygwin\jdk8u261\295\hotspot\src\share\vm\prims\jni.cpp, line 710]
Event: 3.153 Thread 0x00000196b7980000 Exception <a 'java/io/FileNotFoundException'> (0x000000075bedbac8) thrown at [C:\jenkins\workspace\8-2-build-windows-amd64-cygwin\jdk8u261\295\hotspot\src\share\vm\prims\jni.cpp, line 710]
Event: 3.205 Thread 0x00000196b7980000 Exception <a 'java/lang/NoSuchMethodError': java.lang.Object.lambda$static$0(Ljava/lang/Object;)Ljava/lang/Object;> (0x000000075c2ee0e0) thrown at [C:\jenkins\workspace\8-2-build-windows-amd64-cygwin\jdk8u261\295\hotspot\src\share\vm\interpreter\linkResol
Event: 3.218 Thread 0x00000196b7980000 Implicit null exception at 0x00000196b94a5c56 to 0x00000196b94a6009
Event: 3.423 Thread 0x00000196b7980000 Exception <a 'java/io/FileNotFoundException'> (0x000000075cfe9c80) thrown at [C:\jenkins\workspace\8-2-build-windows-amd64-cygwin\jdk8u261\295\hotspot\src\share\vm\prims\jni.cpp, line 710]

Events (10 events):
Event: 3.854 loading class net/bytebuddy/implementation/Implementation$Context$Factory
Event: 3.854 loading class net/bytebuddy/implementation/Implementation$Context$Factory done
Event: 3.854 loading class springfox/documentation/service/ApiListing
Event: 3.854 loading class springfox/documentation/service/ApiListing done
Event: 3.854 loading class net/bytebuddy/dynamic/scaffold/InstrumentedType$Factory
Event: 3.854 loading class net/bytebuddy/dynamic/scaffold/InstrumentedType$Factory done
Event: 3.855 loading class springfox/documentation/spi/service/contexts/ParameterExpansionContext
Event: 3.855 loading class springfox/documentation/spi/service/contexts/ParameterExpansionContext done
Event: 3.855 loading class net/bytebuddy/dynamic/VisibilityBridgeStrategy
Event: 3.855 loading class net/bytebuddy/dynamic/VisibilityBridgeStrategy done


Dynamic libraries:
0x00007ff7a7c00000 - 0x00007ff7a7c47000 	C:\Program Files\Java\jdk1.8.0_261\bin\java.exe
0x00007fffca090000 - 0x00007fffca286000 	C:\WINDOWS\SYSTEM32\ntdll.dll
0x00007fffc9b20000 - 0x00007fffc9bdd000 	C:\WINDOWS\System32\KERNEL32.DLL
0x00007fffc7e20000 - 0x00007fffc80e8000 	C:\WINDOWS\System32\KERNELBASE.dll
0x00007fffc9a70000 - 0x00007fffc9b1c000 	C:\WINDOWS\System32\ADVAPI32.dll
0x00007fffc94a0000 - 0x00007fffc953e000 	C:\WINDOWS\System32\msvcrt.dll
0x00007fffc80f0000 - 0x00007fffc818b000 	C:\WINDOWS\System32\sechost.dll
0x00007fffc98d0000 - 0x00007fffc99f4000 	C:\WINDOWS\System32\RPCRT4.dll
0x00007fffc8310000 - 0x00007fffc84b0000 	C:\WINDOWS\System32\USER32.dll
0x00007fffc7930000 - 0x00007fffc7952000 	C:\WINDOWS\System32\win32u.dll
0x00007fffc9540000 - 0x00007fffc956a000 	C:\WINDOWS\System32\GDI32.dll
0x00007fffc7c10000 - 0x00007fffc7d19000 	C:\WINDOWS\System32\gdi32full.dll
0x00007fffc7d20000 - 0x00007fffc7dbd000 	C:\WINDOWS\System32\msvcp_win.dll
0x00007fffc7ac0000 - 0x00007fffc7bc0000 	C:\WINDOWS\System32\ucrtbase.dll
0x00007fffc6bf0000 - 0x00007fffc6e8b000 	C:\WINDOWS\WinSxS\amd64_microsoft.windows.common-controls_6595b64144ccf1df_6.0.19041.488_none_ca04af081b815d21\COMCTL32.dll
0x00007fffc8270000 - 0x00007fffc82a0000 	C:\WINDOWS\System32\IMM32.DLL
0x00007fffa7630000 - 0x00007fffa7645000 	C:\Program Files\Java\jdk1.8.0_261\jre\bin\vcruntime140.dll
0x00007fffa02a0000 - 0x00007fffa033b000 	C:\Program Files\Java\jdk1.8.0_261\jre\bin\msvcp140.dll
0x000000005d3a0000 - 0x000000005dc0c000 	C:\Program Files\Java\jdk1.8.0_261\jre\bin\server\jvm.dll
0x00007fffc82a0000 - 0x00007fffc82a8000 	C:\WINDOWS\System32\PSAPI.DLL
0x00007fffb2720000 - 0x00007fffb2729000 	C:\WINDOWS\SYSTEM32\WSOCK32.dll
0x00007fffc9d90000 - 0x00007fffc9dfb000 	C:\WINDOWS\System32\WS2_32.dll
0x00007fffc4460000 - 0x00007fffc446a000 	C:\WINDOWS\SYSTEM32\VERSION.dll
0x00007fffb36f0000 - 0x00007fffb3717000 	C:\WINDOWS\SYSTEM32\WINMM.dll
0x00007fffc53e0000 - 0x00007fffc53f2000 	C:\WINDOWS\SYSTEM32\kernel.appcore.dll
0x00007fffb34e0000 - 0x00007fffb34f0000 	C:\Program Files\Java\jdk1.8.0_261\jre\bin\verify.dll
0x00007fffa73f0000 - 0x00007fffa741b000 	C:\Program Files\Java\jdk1.8.0_261\jre\bin\java.dll
0x00007fffa7610000 - 0x00007fffa7628000 	C:\Program Files\Java\jdk1.8.0_261\jre\bin\zip.dll
0x00007fffc8ce0000 - 0x00007fffc9421000 	C:\WINDOWS\System32\SHELL32.dll
0x00007fffc4c30000 - 0x00007fffc53c5000 	C:\WINDOWS\SYSTEM32\windows.storage.dll
0x00007fffc9570000 - 0x00007fffc98c5000 	C:\WINDOWS\System32\combase.dll
0x00007fffc6b50000 - 0x00007fffc6b7c000 	C:\WINDOWS\SYSTEM32\Wldp.dll
0x00007fffc8b60000 - 0x00007fffc8c0e000 	C:\WINDOWS\System32\SHCORE.dll
0x00007fffc82b0000 - 0x00007fffc8305000 	C:\WINDOWS\System32\shlwapi.dll
0x00007fffc7700000 - 0x00007fffc7726000 	C:\WINDOWS\SYSTEM32\profapi.dll
0x00007fffb2780000 - 0x00007fffb278d000 	C:\Program Files\Java\jdk1.8.0_261\jre\bin\management.dll
0x00007fffa74d0000 - 0x00007fffa74ec000 	C:\Program Files\Java\jdk1.8.0_261\jre\bin\net.dll
0x00007fffc6810000 - 0x00007fffc687a000 	C:\WINDOWS\system32\mswsock.dll
0x00007fffafd40000 - 0x00007fffafd57000 	C:\WINDOWS\system32\napinsp.dll
0x00007fffafd20000 - 0x00007fffafd3b000 	C:\WINDOWS\system32\pnrpnsp.dll
0x00007fffc1a40000 - 0x00007fffc1a55000 	C:\WINDOWS\system32\wshbth.dll
0x00007fffc2200000 - 0x00007fffc221d000 	C:\WINDOWS\system32\NLAapi.dll
0x00007fffc6590000 - 0x00007fffc65cb000 	C:\WINDOWS\SYSTEM32\IPHLPAPI.DLL
0x00007fffc65d0000 - 0x00007fffc669b000 	C:\WINDOWS\SYSTEM32\DNSAPI.dll
0x00007fffc9a60000 - 0x00007fffc9a68000 	C:\WINDOWS\System32\NSI.dll
0x00007fffafd00000 - 0x00007fffafd12000 	C:\WINDOWS\System32\winrnr.dll
0x00007fffb59e0000 - 0x00007fffb5a5f000 	C:\WINDOWS\System32\fwpuclnt.dll
0x00007fffc7850000 - 0x00007fffc7877000 	C:\WINDOWS\System32\bcrypt.dll
0x00007fffbdc60000 - 0x00007fffbdc6a000 	C:\Windows\System32\rasadhlp.dll
0x00007fffa73d0000 - 0x00007fffa73e3000 	C:\Program Files\Java\jdk1.8.0_261\jre\bin\nio.dll
0x00007fffc7560000 - 0x00007fffc7578000 	C:\WINDOWS\SYSTEM32\CRYPTSP.dll
0x00007fffc6260000 - 0x00007fffc6294000 	C:\WINDOWS\system32\rsaenh.dll
0x00007fffc7680000 - 0x00007fffc76ae000 	C:\WINDOWS\SYSTEM32\USERENV.dll
0x00007fffc77d0000 - 0x00007fffc784f000 	C:\WINDOWS\System32\bcryptprimitives.dll
0x00007fffc6990000 - 0x00007fffc699c000 	C:\WINDOWS\SYSTEM32\CRYPTBASE.dll
0x00007fffbc510000 - 0x00007fffbc527000 	C:\WINDOWS\SYSTEM32\dhcpcsvc6.DLL
0x00007fffbc480000 - 0x00007fffbc49d000 	C:\WINDOWS\SYSTEM32\dhcpcsvc.DLL
0x00007fffc7200000 - 0x00007fffc73e4000 	C:\WINDOWS\SYSTEM32\dbghelp.dll

VM Arguments:
jvm_args: -Djava.net.preferIPv4Stack=true -Dfile.encoding=x-windows-949 -Duser.country=KR -Duser.language=ko -Duser.variant 
java_command: study.shop.Application
java_class_path (initial): C:\ebs_dev\workspace\study-shop\build\classes\java\main;C:\ebs_dev\workspace\study-shop\build\resources\main;C:\Users\SHAREMIND-01\.gradle\caches\modules-2\files-2.1\org.springframework.boot\spring-boot-starter-web\2.3.2.RELEASE\85f79121fdaabcbcac085d0d4aad34af9f8dbba2\spring-boot-starter-web-2.3.2.RELEASE.jar;C:\Users\SHAREMIND-01\.gradle\caches\modules-2\files-2.1\org.springframework.boot\spring-boot-starter-data-jpa\2.3.2.RELEASE\bff2a17cb69019d2aeca4bd06c7854092d5e903d\spring-boot-starter-data-jpa-2.3.2.RELEASE.jar;C:\Users\SHAREMIND-01\.gradle\caches\modules-2\files-2.1\org.springframework.boot\spring-boot-starter-jdbc\2.3.2.RELEASE\72af48a90fb034c795fb98fe5e3ba8d194f6b4ff\spring-boot-starter-jdbc-2.3.2.RELEASE.jar;C:\Users\SHAREMIND-01\.gradle\caches\modules-2\files-2.1\org.springframework.boot\spring-boot-starter-thymeleaf\2.3.2.RELEASE\8f59ad548005f0e7511604c3857aea15b3dec15a\spring-boot-starter-thymeleaf-2.3.2.RELEASE.jar;C:\Users\SHAREMIND-01\.gradle\caches\modules-2\files-2.1\nz.net.ultraq.thymeleaf\thymeleaf-layout-dialect\2.4.1\fa9d013e8489cad13fa88a45ea2ebf00e8733a82\thymeleaf-layout-dialect-2.4.1.jar;C:\Users\SHAREMIND-01\.gradle\caches\modules-2\files-2.1\org.mariadb.jdbc\mariadb-java-client\2.6.2\84c26dee8604138bd59077921414d96c8016eaa0\mariadb-java-client-2.6.2.jar;C:\Users\SHAREMIND-01\.gradle\caches\modules-2\files-2.1\io.springfox\springfox-swagger2\2.9.2\362676bc7f4c6f9f1d568741becab0dfc198c898\springfox-swagger2-2.9.2.jar;C:\Users\SHAREMIND-01\.gradle\caches\modules-2\files-2.1\io.springfox\springfox-swagger-ui\2.9.2\d542382a88ff3ea8d4032c28b2b0325797fada7d\springfox-swagger-ui-2.9.2.jar;C:\Users\SHAREMIND-01\.gradle\caches\modules-2\files-2.1\com.h2database\h2\1.4.200\f7533fe7cb8e99c87a43d325a77b4b678ad9031a\h2-1.4.200.jar;C:\Users\SHAREMIND-01\.gradle\caches\modules-2\files-2.1\org.springframework.boot\spring-boot-starter-json\2.3.2.RELEASE\42cc2348195b528f6b64861705ed475dbcc8f7c6\spring-boot-starter-json-2.3.2.R
Launcher Type: SUN_STANDARD

Environment Variables:
JAVA_HOME=C:\ebs_dev\jdk\java-1.8.0-openjdk-1.8.0.252-2.b09.ojdkbuild.windows.x86_64
JAVA_TOOL_OPTIONS=-Djava.net.preferIPv4Stack=true
CLASSPATH=%classpath%;.
PATH=C:\oraclexe\app\oracle\product\11.2.0\server\bin;;E:\product\11.1.0\client_1;C:\Program Files (x86)\Common Files\Oracle\Java\javapath;C:\WINDOWS\system32;C:\WINDOWS;C:\WINDOWS\System32\Wbem;C:\WINDOWS\System32\WindowsPowerShell\v1.0\;C:\WINDOWS\System32\OpenSSH\;C:\Program Files\Git\cmd;C:\Program Files\Java\java-1.8.0-openjdk-1.8.0.252-2\bin;C:\Program Files\Java\java-1.8.0-openjdk-1.8.0.252-2\jre\bin;C:\Program Files\TortoiseSVN\bin;C:\Users\SHAREMIND-01\AppData\Local\Microsoft\WindowsApps;C:\Program Files\Bandizip\;C:\ebs_dev\jdk\java-1.8.0-openjdk-1.8.0.252-2.b09.ojdkbuild.windows.x86_64\bin\
USERNAME=SHAREMIND-01
OS=Windows_NT
PROCESSOR_IDENTIFIER=Intel64 Family 6 Model 126 Stepping 5, GenuineIntel



---------------  S Y S T E M  ---------------

OS: Windows 10.0 , 64 bit Build 19041 (10.0.19041.546)

CPU:total 8 (initial active 8) (4 cores per cpu, 2 threads per core) family 6 model 126 stepping 5, cmov, cx8, fxsr, mmx, sse, sse2, sse3, ssse3, sse4.1, sse4.2, popcnt, avx, avx2, aes, clmul, erms, 3dnowpref, lzcnt, ht, tsc, tscinvbit, bmi1, bmi2, adx

Memory: 4k page, physical 20708024k(11134020k free), swap 23853752k(5464240k free)

vm_info: Java HotSpot(TM) 64-Bit Server VM (25.261-b12) for windows-amd64 JRE (1.8.0_261-b12), built on Jun 18 2020 06:56:32 by "" with unknown MS VC++:1916

time: Thu Nov 19 13:45:17 2020
timezone: 대한민국 표준시
elapsed time: 3 seconds (0d 0h 0m 3s)

